{
  "stats": {
    "suites": 2,
    "tests": 10,
    "passes": 10,
    "pending": 0,
    "failures": 0,
    "start": "2026-04-22T07:48:05.988Z",
    "end": "2026-04-22T07:48:30.139Z",
    "duration": 24151,
    "testsRegistered": 10,
    "passPercent": 100,
    "pendingPercent": 0,
    "other": 0,
    "hasOther": false,
    "skipped": 0,
    "hasSkipped": false
  },
  "results": [
    {
      "uuid": "ceea071e-bcce-4cb3-8861-74a9a15498df",
      "title": "",
      "fullFile": "cypress\\e2e\\checkOut\\checkout.cy.js",
      "file": "cypress\\e2e\\checkOut\\checkout.cy.js",
      "beforeHooks": [],
      "afterHooks": [],
      "tests": [],
      "suites": [
        {
          "uuid": "580a6c85-da93-486a-b2e4-2eff2fb33953",
          "title": "checkout",
          "fullFile": "",
          "file": "",
          "beforeHooks": [],
          "afterHooks": [],
          "tests": [
            {
              "title": "should verify that all items are added to the cart from inventory page",
              "fullTitle": "checkout should verify that all items are added to the cart from inventory page",
              "timedOut": null,
              "duration": 2726,
              "state": "passed",
              "speed": "fast",
              "pass": true,
              "fail": false,
              "pending": false,
              "context": null,
              "code": "cy.getInventoryItems().each(($el, index) => {\n  cy.wrap($el).within(() => {\n    cy.addToCart();\n  });\n  cy.get('[data-test=\"shopping-cart-badge\"]').should('have.text', `${index + 1}`);\n});",
              "err": {},
              "uuid": "e2b40c39-46ab-4261-bc69-92a93d08109b",
              "parentUUID": "580a6c85-da93-486a-b2e4-2eff2fb33953",
              "isHook": false,
              "skipped": false
            },
            {
              "title": "should verify that items can be removed from the cart",
              "fullTitle": "checkout should verify that items can be removed from the cart",
              "timedOut": null,
              "duration": 4841,
              "state": "passed",
              "speed": "fast",
              "pass": true,
              "fail": false,
              "pending": false,
              "context": null,
              "code": "cy.getInventoryItems().each($el => {\n  cy.wrap($el).within(() => {\n    cy.addToCart();\n    cy.removeFromCart();\n  });\n  cy.get('[data-test=\"shopping-cart-badge\"]').should('not.exist');\n});",
              "err": {},
              "uuid": "51015a62-d8dd-4bcc-b245-6b5ca8be260c",
              "parentUUID": "580a6c85-da93-486a-b2e4-2eff2fb33953",
              "isHook": false,
              "skipped": false
            },
            {
              "title": "should verify that the cart button navigates to the cart page",
              "fullTitle": "checkout should verify that the cart button navigates to the cart page",
              "timedOut": null,
              "duration": 1132,
              "state": "passed",
              "speed": "fast",
              "pass": true,
              "fail": false,
              "pending": false,
              "context": null,
              "code": "cy.addToCart();\ncy.goToCart();\ncy.removeFromCart();\ncy.url().should('include', 'cart');",
              "err": {},
              "uuid": "0e723fc1-06aa-4b65-b2a8-3de7f1374155",
              "parentUUID": "580a6c85-da93-486a-b2e4-2eff2fb33953",
              "isHook": false,
              "skipped": false
            },
            {
              "title": "should verify that the continue shopping button navigates back to inventory page",
              "fullTitle": "checkout should verify that the continue shopping button navigates back to inventory page",
              "timedOut": null,
              "duration": 1001,
              "state": "passed",
              "speed": "fast",
              "pass": true,
              "fail": false,
              "pending": false,
              "context": null,
              "code": "cy.goToCart();\ncy.contains('button', 'Continue Shopping').click();\ncy.url().should('include', 'inventory');",
              "err": {},
              "uuid": "733c1467-9d42-4b75-b5c7-14355304f701",
              "parentUUID": "580a6c85-da93-486a-b2e4-2eff2fb33953",
              "isHook": false,
              "skipped": false
            },
            {
              "title": "should verify that the checkout button navigates to checkout page",
              "fullTitle": "checkout should verify that the checkout button navigates to checkout page",
              "timedOut": null,
              "duration": 1064,
              "state": "passed",
              "speed": "fast",
              "pass": true,
              "fail": false,
              "pending": false,
              "context": null,
              "code": "cy.goToCart();\ncy.contains('button', 'Checkout').click();\ncy.url().should('include', 'checkout');",
              "err": {},
              "uuid": "75ab7ae4-d3ec-4eda-85a2-d7211e7f8ab6",
              "parentUUID": "580a6c85-da93-486a-b2e4-2eff2fb33953",
              "isHook": false,
              "skipped": false
            }
          ],
          "suites": [],
          "passes": [
            "e2b40c39-46ab-4261-bc69-92a93d08109b",
            "51015a62-d8dd-4bcc-b245-6b5ca8be260c",
            "0e723fc1-06aa-4b65-b2a8-3de7f1374155",
            "733c1467-9d42-4b75-b5c7-14355304f701",
            "75ab7ae4-d3ec-4eda-85a2-d7211e7f8ab6"
          ],
          "failures": [],
          "pending": [],
          "skipped": [],
          "duration": 10764,
          "root": false,
          "rootEmpty": false,
          "_timeout": 2000
        },
        {
          "uuid": "6f974ff5-4fb2-4305-99a8-2de330c30ff8",
          "title": "Checkout Page",
          "fullFile": "",
          "file": "",
          "beforeHooks": [],
          "afterHooks": [],
          "tests": [
            {
              "title": "should cancel checkout and return to cart page",
              "fullTitle": "Checkout Page should cancel checkout and return to cart page",
              "timedOut": null,
              "duration": 1183,
              "state": "passed",
              "speed": "fast",
              "pass": true,
              "fail": false,
              "pending": false,
              "context": null,
              "code": "cy.contains('button', 'Cancel').click();\ncy.url().should('include', 'cart');",
              "err": {},
              "uuid": "812308ab-99ad-44f2-8457-ab25f846e5a3",
              "parentUUID": "6f974ff5-4fb2-4305-99a8-2de330c30ff8",
              "isHook": false,
              "skipped": false
            },
            {
              "title": "should successfully complete checkout form submission",
              "fullTitle": "Checkout Page should successfully complete checkout form submission",
              "timedOut": null,
              "duration": 2252,
              "state": "passed",
              "speed": "fast",
              "pass": true,
              "fail": false,
              "pending": false,
              "context": null,
              "code": "_checkout.default.fillForm(\"random\", \"random\", \"random\");\ncy.url().should('include', 'two');",
              "err": {},
              "uuid": "cbd7b68e-7881-447e-bea1-1998c53025f1",
              "parentUUID": "6f974ff5-4fb2-4305-99a8-2de330c30ff8",
              "isHook": false,
              "skipped": false
            },
            {
              "title": "should show error when first name is missing in checkout form",
              "fullTitle": "Checkout Page should show error when first name is missing in checkout form",
              "timedOut": null,
              "duration": 2224,
              "state": "passed",
              "speed": "fast",
              "pass": true,
              "fail": false,
              "pending": false,
              "context": null,
              "code": "_checkout.default.fillForm(\"\", \"random\", \"random\");\ncy.verifyError(\"First Name\");",
              "err": {},
              "uuid": "d68c7f51-641a-46b3-aeb3-1aee5cc5deff",
              "parentUUID": "6f974ff5-4fb2-4305-99a8-2de330c30ff8",
              "isHook": false,
              "skipped": false
            },
            {
              "title": "should show error when last name is missing in checkout form",
              "fullTitle": "Checkout Page should show error when last name is missing in checkout form",
              "timedOut": null,
              "duration": 2213,
              "state": "passed",
              "speed": "fast",
              "pass": true,
              "fail": false,
              "pending": false,
              "context": null,
              "code": "_checkout.default.fillForm(\"random\", \"\", \"random\");\ncy.verifyError(\"Last Name\");",
              "err": {},
              "uuid": "58a796d2-f087-49c2-88ed-49f6ee97fb44",
              "parentUUID": "6f974ff5-4fb2-4305-99a8-2de330c30ff8",
              "isHook": false,
              "skipped": false
            },
            {
              "title": "should show error when postal code is missing in checkout form",
              "fullTitle": "Checkout Page should show error when postal code is missing in checkout form",
              "timedOut": null,
              "duration": 2284,
              "state": "passed",
              "speed": "fast",
              "pass": true,
              "fail": false,
              "pending": false,
              "context": null,
              "code": "_checkout.default.fillForm(\"random\", \"random\", \"\");\ncy.verifyError(\"Postal Code\");",
              "err": {},
              "uuid": "4c48df0a-2ed2-4605-a6c0-73993962b066",
              "parentUUID": "6f974ff5-4fb2-4305-99a8-2de330c30ff8",
              "isHook": false,
              "skipped": false
            }
          ],
          "suites": [],
          "passes": [
            "812308ab-99ad-44f2-8457-ab25f846e5a3",
            "cbd7b68e-7881-447e-bea1-1998c53025f1",
            "d68c7f51-641a-46b3-aeb3-1aee5cc5deff",
            "58a796d2-f087-49c2-88ed-49f6ee97fb44",
            "4c48df0a-2ed2-4605-a6c0-73993962b066"
          ],
          "failures": [],
          "pending": [],
          "skipped": [],
          "duration": 10156,
          "root": false,
          "rootEmpty": false,
          "_timeout": 2000
        }
      ],
      "passes": [],
      "failures": [],
      "pending": [],
      "skipped": [],
      "duration": 0,
      "root": true,
      "rootEmpty": true,
      "_timeout": 2000
    }
  ],
  "meta": {
    "mocha": {
      "version": "7.2.0"
    },
    "mochawesome": {
      "options": {
        "quiet": false,
        "reportFilename": "mochawesome",
        "saveHtml": false,
        "saveJson": true,
        "consoleReporter": "spec",
        "useInlineDiffs": false,
        "code": true
      },
      "version": "7.1.4"
    },
    "marge": {
      "options": {
        "reportDir": "cypress/reports",
        "overwrite": false,
        "html": false,
        "json": true
      },
      "version": "6.3.2"
    }
  }
}