{
  "stats": {
    "suites": 1,
    "tests": 6,
    "passes": 6,
    "pending": 0,
    "failures": 0,
    "start": "2026-04-22T07:47:49.031Z",
    "end": "2026-04-22T07:48:02.629Z",
    "duration": 13598,
    "testsRegistered": 6,
    "passPercent": 100,
    "pendingPercent": 0,
    "other": 0,
    "hasOther": false,
    "skipped": 0,
    "hasSkipped": false
  },
  "results": [
    {
      "uuid": "0585dfc8-b08a-486c-ba7d-e6d92a30d366",
      "title": "",
      "fullFile": "cypress\\e2e\\auth\\login.cy.js",
      "file": "cypress\\e2e\\auth\\login.cy.js",
      "beforeHooks": [],
      "afterHooks": [],
      "tests": [],
      "suites": [
        {
          "uuid": "7595f350-bf25-43fb-9f5b-c1f617e21d13",
          "title": "Login Page",
          "fullFile": "",
          "file": "",
          "beforeHooks": [],
          "afterHooks": [],
          "tests": [
            {
              "title": "should login successfully with valid credentials",
              "fullTitle": "Login Page should login successfully with valid credentials",
              "timedOut": null,
              "duration": 2827,
              "state": "passed",
              "speed": "fast",
              "pass": true,
              "fail": false,
              "pending": false,
              "context": null,
              "code": "_loginPage.default.login(userData.validUser.username, userData.validUser.password);\ncy.url().should('include', 'inventory');\ncy.get('.inventory_list').should('be.visible');",
              "err": {},
              "uuid": "4b9e0f44-9e32-40e1-906b-23f4b69c0e88",
              "parentUUID": "7595f350-bf25-43fb-9f5b-c1f617e21d13",
              "isHook": false,
              "skipped": false
            },
            {
              "title": "should show error message for both invalid credentials",
              "fullTitle": "Login Page should show error message for both invalid credentials",
              "timedOut": null,
              "duration": 4984,
              "state": "passed",
              "speed": "fast",
              "pass": true,
              "fail": false,
              "pending": false,
              "context": null,
              "code": "cy.login(\"random\", \"random\");\ncy.verifyError(\"Username and password do not match\");",
              "err": {},
              "uuid": "3a7b980b-cf17-498e-b63b-bdb944d76ffe",
              "parentUUID": "7595f350-bf25-43fb-9f5b-c1f617e21d13",
              "isHook": false,
              "skipped": false
            },
            {
              "title": "should show error message for no credentials",
              "fullTitle": "Login Page should show error message for no credentials",
              "timedOut": null,
              "duration": 536,
              "state": "passed",
              "speed": "fast",
              "pass": true,
              "fail": false,
              "pending": false,
              "context": null,
              "code": "cy.login(\"\", \"\");\ncy.verifyError(\"Username is required\");",
              "err": {},
              "uuid": "c61d4a45-3664-4518-a83e-b64078caa67b",
              "parentUUID": "7595f350-bf25-43fb-9f5b-c1f617e21d13",
              "isHook": false,
              "skipped": false
            },
            {
              "title": "should show error message for empty password field",
              "fullTitle": "Login Page should show error message for empty password field",
              "timedOut": null,
              "duration": 734,
              "state": "passed",
              "speed": "fast",
              "pass": true,
              "fail": false,
              "pending": false,
              "context": null,
              "code": "cy.login(\"random\", \"\");\ncy.verifyError(\"Password is required\");",
              "err": {},
              "uuid": "a2bab749-4f54-4ae4-a9f0-176e88f96457",
              "parentUUID": "7595f350-bf25-43fb-9f5b-c1f617e21d13",
              "isHook": false,
              "skipped": false
            },
            {
              "title": "should show error message for empty username field",
              "fullTitle": "Login Page should show error message for empty username field",
              "timedOut": null,
              "duration": 737,
              "state": "passed",
              "speed": "fast",
              "pass": true,
              "fail": false,
              "pending": false,
              "context": null,
              "code": "cy.login(\"\", \"random\");\ncy.verifyError(\"Username is required\");",
              "err": {},
              "uuid": "a6a2754d-a70e-4ce3-ba71-f9d3e27b7521",
              "parentUUID": "7595f350-bf25-43fb-9f5b-c1f617e21d13",
              "isHook": false,
              "skipped": false
            },
            {
              "title": "should hide the error message after clicking the error close button",
              "fullTitle": "Login Page should hide the error message after clicking the error close button",
              "timedOut": null,
              "duration": 489,
              "state": "passed",
              "speed": "fast",
              "pass": true,
              "fail": false,
              "pending": false,
              "context": null,
              "code": "cy.login(\"\", \"random\");\ncy.get('[data-test = \"error-button\"]').click();\ncy.get('[data-test = \"error-button\"]').should('not.exist');",
              "err": {},
              "uuid": "360fd290-1b7f-4eee-ba6d-30916865ce3c",
              "parentUUID": "7595f350-bf25-43fb-9f5b-c1f617e21d13",
              "isHook": false,
              "skipped": false
            }
          ],
          "suites": [],
          "passes": [
            "4b9e0f44-9e32-40e1-906b-23f4b69c0e88",
            "3a7b980b-cf17-498e-b63b-bdb944d76ffe",
            "c61d4a45-3664-4518-a83e-b64078caa67b",
            "a2bab749-4f54-4ae4-a9f0-176e88f96457",
            "a6a2754d-a70e-4ce3-ba71-f9d3e27b7521",
            "360fd290-1b7f-4eee-ba6d-30916865ce3c"
          ],
          "failures": [],
          "pending": [],
          "skipped": [],
          "duration": 10307,
          "root": false,
          "rootEmpty": false,
          "_timeout": 2000
        }
      ],
      "passes": [],
      "failures": [],
      "pending": [],
      "skipped": [],
      "duration": 0,
      "root": true,
      "rootEmpty": true,
      "_timeout": 2000
    }
  ],
  "meta": {
    "mocha": {
      "version": "7.2.0"
    },
    "mochawesome": {
      "options": {
        "quiet": false,
        "reportFilename": "mochawesome",
        "saveHtml": false,
        "saveJson": true,
        "consoleReporter": "spec",
        "useInlineDiffs": false,
        "code": true
      },
      "version": "7.1.4"
    },
    "marge": {
      "options": {
        "reportDir": "cypress/reports",
        "overwrite": false,
        "html": false,
        "json": true
      },
      "version": "6.3.2"
    }
  }
}